<?xml version="1.0" encoding="UTF-8"?>
<!-- Generated by org.testng.reporters.JUnitXMLReporter -->
<testsuite ignored="0" hostname="LAPTOP-DG8G23UU" failures="0" tests="5" name="Default test" time="22.25" errors="0" timestamp="2024-06-25T23:53:17 IST">
  <testcase classname="prashantbhakuni.Test.OrderItemsTest" name="findProductByCategory" time="2.037"/>
  <testcase classname="prashantbhakuni.Test.OrderItemsTest" name="findProductBySearch" time="1.385"/>
  <testcase classname="prashantbhakuni.Test.OrderItemsTest" name="orderWithoutRegistration" time="7.415"/>
  <testcase classname="prashantbhakuni.Test.OrderItemsTest" name="orderWithoutUploadFile" time="2.714"/>
  <testcase classname="prashantbhakuni.Test.OrderItemsTest" name="verifyCartProducts" time="0.826"/>
</testsuite> <!-- Default test -->
