<?xml version="1.0" encoding="UTF-8"?>
<!-- Generated by org.testng.reporters.JUnitXMLReporter -->
<testsuite ignored="0" hostname="LAPTOP-DG8G23UU" failures="0" tests="5" name="Test" time="24.548" errors="0" timestamp="2024-06-26T00:48:36 IST">
  <testcase classname="prashantbhakuni.Test.OrderItemsTest" name="findProductByCategory" time="2.063"/>
  <testcase classname="prashantbhakuni.Test.OrderItemsTest" name="findProductBySearch" time="1.209"/>
  <testcase classname="prashantbhakuni.Test.OrderItemsTest" name="orderWithoutRegistration" time="7.168"/>
  <testcase classname="prashantbhakuni.Test.OrderItemsTest" name="orderWithoutUploadFile" time="2.172"/>
  <testcase classname="prashantbhakuni.Test.OrderItemsTest" name="verifyCartProducts" time="0.685"/>
</testsuite> <!-- Test -->
