<?xml version="1.0" encoding="UTF-8"?>
<testng-results ignored="0" total="5" passed="5" failed="0" skipped="0">
  <reporter-output>
  </reporter-output>
  <suite started-at="2024-06-26T00:48:11 IST" name="Suite" finished-at="2024-06-26T00:48:36 IST" duration-ms="24548">
    <groups>
    </groups>
    <test started-at="2024-06-26T00:48:11 IST" name="Test" finished-at="2024-06-26T00:48:36 IST" duration-ms="24548">
      <class name="prashantbhakuni.Test.OrderItemsTest">
        <test-method is-config="true" signature="launchWebsite()[pri:0, instance:prashantbhakuni.Test.OrderItemsTest@6c80d78a]" started-at="2024-06-26T00:48:11 IST" name="launchWebsite" finished-at="2024-06-26T00:48:14 IST" duration-ms="3083" status="PASS">
          <reporter-output>
          </reporter-output>
        </test-method> <!-- launchWebsite -->
        <test-method signature="findProductByCategory()[pri:0, instance:prashantbhakuni.Test.OrderItemsTest@6c80d78a]" started-at="2024-06-26T00:48:14 IST" name="findProductByCategory" finished-at="2024-06-26T00:48:16 IST" duration-ms="2063" status="PASS">
          <reporter-output>
          </reporter-output>
        </test-method> <!-- findProductByCategory -->
        <test-method is-config="true" signature="tearDown()[pri:0, instance:prashantbhakuni.Test.OrderItemsTest@6c80d78a]" started-at="2024-06-26T00:48:16 IST" name="tearDown" finished-at="2024-06-26T00:48:16 IST" duration-ms="73" status="PASS">
          <reporter-output>
          </reporter-output>
        </test-method> <!-- tearDown -->
        <test-method is-config="true" signature="launchWebsite()[pri:0, instance:prashantbhakuni.Test.OrderItemsTest@6c80d78a]" started-at="2024-06-26T00:48:16 IST" name="launchWebsite" finished-at="2024-06-26T00:48:18 IST" duration-ms="1988" status="PASS">
          <reporter-output>
          </reporter-output>
        </test-method> <!-- launchWebsite -->
        <test-method signature="findProductBySearch()[pri:0, instance:prashantbhakuni.Test.OrderItemsTest@6c80d78a]" started-at="2024-06-26T00:48:18 IST" name="findProductBySearch" finished-at="2024-06-26T00:48:20 IST" duration-ms="1209" status="PASS">
          <reporter-output>
          </reporter-output>
        </test-method> <!-- findProductBySearch -->
        <test-method is-config="true" signature="tearDown()[pri:0, instance:prashantbhakuni.Test.OrderItemsTest@6c80d78a]" started-at="2024-06-26T00:48:20 IST" name="tearDown" finished-at="2024-06-26T00:48:20 IST" duration-ms="71" status="PASS">
          <reporter-output>
          </reporter-output>
        </test-method> <!-- tearDown -->
        <test-method is-config="true" signature="launchWebsite()[pri:0, instance:prashantbhakuni.Test.OrderItemsTest@6c80d78a]" started-at="2024-06-26T00:48:20 IST" name="launchWebsite" finished-at="2024-06-26T00:48:22 IST" duration-ms="1944" status="PASS">
          <reporter-output>
          </reporter-output>
        </test-method> <!-- launchWebsite -->
        <test-method signature="orderWithoutRegistration()[pri:0, instance:prashantbhakuni.Test.OrderItemsTest@6c80d78a]" started-at="2024-06-26T00:48:22 IST" name="orderWithoutRegistration" finished-at="2024-06-26T00:48:29 IST" duration-ms="7168" status="PASS">
          <reporter-output>
          </reporter-output>
        </test-method> <!-- orderWithoutRegistration -->
        <test-method is-config="true" signature="tearDown()[pri:0, instance:prashantbhakuni.Test.OrderItemsTest@6c80d78a]" started-at="2024-06-26T00:48:29 IST" name="tearDown" finished-at="2024-06-26T00:48:29 IST" duration-ms="70" status="PASS">
          <reporter-output>
          </reporter-output>
        </test-method> <!-- tearDown -->
        <test-method is-config="true" signature="launchWebsite()[pri:0, instance:prashantbhakuni.Test.OrderItemsTest@6c80d78a]" started-at="2024-06-26T00:48:29 IST" name="launchWebsite" finished-at="2024-06-26T00:48:31 IST" duration-ms="1937" status="PASS">
          <reporter-output>
          </reporter-output>
        </test-method> <!-- launchWebsite -->
        <test-method signature="orderWithoutUploadFile()[pri:0, instance:prashantbhakuni.Test.OrderItemsTest@6c80d78a]" started-at="2024-06-26T00:48:31 IST" name="orderWithoutUploadFile" finished-at="2024-06-26T00:48:33 IST" duration-ms="2172" status="PASS">
          <reporter-output>
          </reporter-output>
        </test-method> <!-- orderWithoutUploadFile -->
        <test-method is-config="true" signature="tearDown()[pri:0, instance:prashantbhakuni.Test.OrderItemsTest@6c80d78a]" started-at="2024-06-26T00:48:33 IST" name="tearDown" finished-at="2024-06-26T00:48:33 IST" duration-ms="69" status="PASS">
          <reporter-output>
          </reporter-output>
        </test-method> <!-- tearDown -->
        <test-method is-config="true" signature="launchWebsite()[pri:0, instance:prashantbhakuni.Test.OrderItemsTest@6c80d78a]" started-at="2024-06-26T00:48:33 IST" name="launchWebsite" finished-at="2024-06-26T00:48:35 IST" duration-ms="1950" status="PASS">
          <reporter-output>
          </reporter-output>
        </test-method> <!-- launchWebsite -->
        <test-method signature="verifyCartProducts()[pri:0, instance:prashantbhakuni.Test.OrderItemsTest@6c80d78a]" started-at="2024-06-26T00:48:35 IST" name="verifyCartProducts" finished-at="2024-06-26T00:48:36 IST" duration-ms="685" status="PASS">
          <reporter-output>
          </reporter-output>
        </test-method> <!-- verifyCartProducts -->
        <test-method is-config="true" signature="tearDown()[pri:0, instance:prashantbhakuni.Test.OrderItemsTest@6c80d78a]" started-at="2024-06-26T00:48:36 IST" name="tearDown" finished-at="2024-06-26T00:48:36 IST" duration-ms="30" status="PASS">
          <reporter-output>
          </reporter-output>
        </test-method> <!-- tearDown -->
      </class> <!-- prashantbhakuni.Test.OrderItemsTest -->
    </test> <!-- Test -->
  </suite> <!-- Suite -->
</testng-results>
