<?xml version="1.0" encoding="UTF-8"?>
<testng-results ignored="0" total="5" passed="5" failed="0" skipped="0">
  <reporter-output>
  </reporter-output>
  <suite started-at="2024-06-25T23:52:55 IST" name="Default suite" finished-at="2024-06-25T23:53:17 IST" duration-ms="22250">
    <groups>
    </groups>
    <test started-at="2024-06-25T23:52:55 IST" name="Default test" finished-at="2024-06-25T23:53:17 IST" duration-ms="22250">
      <class name="prashantbhakuni.Test.OrderItemsTest">
        <test-method is-config="true" signature="launchWebsite()[pri:0, instance:prashantbhakuni.Test.OrderItemsTest@f0c8a99]" started-at="2024-06-25T23:52:55 IST" name="launchWebsite" finished-at="2024-06-25T23:52:57 IST" duration-ms="1748" status="PASS">
          <reporter-output>
          </reporter-output>
        </test-method> <!-- launchWebsite -->
        <test-method signature="findProductByCategory()[pri:0, instance:prashantbhakuni.Test.OrderItemsTest@f0c8a99]" started-at="2024-06-25T23:52:57 IST" name="findProductByCategory" finished-at="2024-06-25T23:52:59 IST" duration-ms="2037" status="PASS">
          <reporter-output>
          </reporter-output>
        </test-method> <!-- findProductByCategory -->
        <test-method is-config="true" signature="launchWebsite()[pri:0, instance:prashantbhakuni.Test.OrderItemsTest@f0c8a99]" started-at="2024-06-25T23:52:59 IST" name="launchWebsite" finished-at="2024-06-25T23:53:00 IST" duration-ms="1315" status="PASS">
          <reporter-output>
          </reporter-output>
        </test-method> <!-- launchWebsite -->
        <test-method signature="findProductBySearch()[pri:0, instance:prashantbhakuni.Test.OrderItemsTest@f0c8a99]" started-at="2024-06-25T23:53:00 IST" name="findProductBySearch" finished-at="2024-06-25T23:53:01 IST" duration-ms="1385" status="PASS">
          <reporter-output>
          </reporter-output>
        </test-method> <!-- findProductBySearch -->
        <test-method is-config="true" signature="launchWebsite()[pri:0, instance:prashantbhakuni.Test.OrderItemsTest@f0c8a99]" started-at="2024-06-25T23:53:01 IST" name="launchWebsite" finished-at="2024-06-25T23:53:03 IST" duration-ms="1430" status="PASS">
          <reporter-output>
          </reporter-output>
        </test-method> <!-- launchWebsite -->
        <test-method signature="orderWithoutRegistration()[pri:0, instance:prashantbhakuni.Test.OrderItemsTest@f0c8a99]" started-at="2024-06-25T23:53:03 IST" name="orderWithoutRegistration" finished-at="2024-06-25T23:53:10 IST" duration-ms="7415" status="PASS">
          <reporter-output>
          </reporter-output>
        </test-method> <!-- orderWithoutRegistration -->
        <test-method is-config="true" signature="launchWebsite()[pri:0, instance:prashantbhakuni.Test.OrderItemsTest@f0c8a99]" started-at="2024-06-25T23:53:10 IST" name="launchWebsite" finished-at="2024-06-25T23:53:12 IST" duration-ms="1704" status="PASS">
          <reporter-output>
          </reporter-output>
        </test-method> <!-- launchWebsite -->
        <test-method signature="orderWithoutUploadFile()[pri:0, instance:prashantbhakuni.Test.OrderItemsTest@f0c8a99]" started-at="2024-06-25T23:53:12 IST" name="orderWithoutUploadFile" finished-at="2024-06-25T23:53:15 IST" duration-ms="2714" status="PASS">
          <reporter-output>
          </reporter-output>
        </test-method> <!-- orderWithoutUploadFile -->
        <test-method is-config="true" signature="launchWebsite()[pri:0, instance:prashantbhakuni.Test.OrderItemsTest@f0c8a99]" started-at="2024-06-25T23:53:15 IST" name="launchWebsite" finished-at="2024-06-25T23:53:16 IST" duration-ms="1635" status="PASS">
          <reporter-output>
          </reporter-output>
        </test-method> <!-- launchWebsite -->
        <test-method signature="verifyCartProducts()[pri:0, instance:prashantbhakuni.Test.OrderItemsTest@f0c8a99]" started-at="2024-06-25T23:53:16 IST" name="verifyCartProducts" finished-at="2024-06-25T23:53:17 IST" duration-ms="826" status="PASS">
          <reporter-output>
          </reporter-output>
        </test-method> <!-- verifyCartProducts -->
      </class> <!-- prashantbhakuni.Test.OrderItemsTest -->
    </test> <!-- Default test -->
  </suite> <!-- Default suite -->
</testng-results>
